<?xml version="1.0" encoding="UTF-8"?>
<!-- Generated by org.testng.reporters.JUnitReportReporter -->
<testsuite hostname="DESKTOP-789G8AI" failures="0" tests="1" name="RegisterTest" time="27.519" errors="0" timestamp="2022-06-01T12:59:40 CEST" skipped="0">
  <testcase classname="RegisterTest" name="testRegister" time="27.519"/>
  <system-out/>
</testsuite> <!-- RegisterTest -->
