<?xml version="1.0" encoding="UTF-8"?>
<!-- Generated by org.testng.reporters.JUnitReportReporter -->
<testsuite hostname="DESKTOP-789G8AI" failures="0" tests="1" name="LoginTest" time="12.574" errors="0" timestamp="2022-05-25T22:51:44 CEST" skipped="0">
  <testcase classname="LoginTest" name="method" time="12.574"/>
  <system-out/>
</testsuite> <!-- LoginTest -->
