<?xml version="1.0" encoding="UTF-8"?>
<!-- Generated by org.testng.reporters.JUnitReportReporter -->
<testsuite hostname="DESKTOP-789G8AI" failures="0" tests="1" name="RegisterTest" time="10.456" errors="0" timestamp="2022-05-25T23:06:54 CEST" skipped="0">
  <testcase classname="RegisterTest" name="testRegister" time="10.456"/>
  <system-out/>
</testsuite> <!-- RegisterTest -->
