<?xml version="1.0" encoding="UTF-8"?>
<!-- Generated by org.testng.reporters.JUnitReportReporter -->
<testsuite hostname="DESKTOP-789G8AI" failures="0" tests="1" name="LoginTest" time="31.612" errors="0" timestamp="2022-06-01T12:59:40 CEST" skipped="0">
  <testcase classname="LoginTest" name="method" time="31.612"/>
  <system-out/>
</testsuite> <!-- LoginTest -->
