<?xml version="1.0" encoding="UTF-8"?>
<!-- Generated by org.testng.reporters.JUnitReportReporter -->
<testsuite hostname="DESKTOP-789G8AI" failures="0" tests="1" name="LoginTest" time="13.561" errors="0" timestamp="2022-05-24T08:30:50 CEST" skipped="0">
  <testcase classname="LoginTest" name="method" time="13.561"/>
  <system-out/>
</testsuite> <!-- LoginTest -->
