<?xml version="1.0" encoding="UTF-8"?>
<!-- Generated by org.testng.reporters.JUnitReportReporter -->
<testsuite hostname="DESKTOP-789G8AI" failures="0" tests="1" name="RegisterTest" time="8.134" errors="0" timestamp="2022-05-25T22:51:44 CEST" skipped="0">
  <testcase classname="RegisterTest" name="testRegister" time="8.134"/>
  <system-out/>
</testsuite> <!-- RegisterTest -->
